<?xml version="1.0" encoding="UTF-8"?>
<!-- Generated by org.testng.reporters.JUnitReportReporter -->
<testsuite hostname="DESKTOP-E0G9098" failures="0" tests="5" name="runner.TestRunner" time="25.367" errors="0" timestamp="2023-07-01T15:36:31 IST" skipped="0">
  <testcase classname="runner.TestRunner" name="runScenario" time="4.817"/>
  <system-out/>
  <testcase classname="runner.TestRunner" name="runScenario" time="2.936"/>
  <system-out/>
  <testcase classname="runner.TestRunner" name="runScenario" time="8.616"/>
  <system-out/>
  <testcase classname="runner.TestRunner" name="runScenario" time="3.277"/>
  <system-out/>
  <testcase classname="runner.TestRunner" name="runScenario" time="5.721"/>
  <system-out/>
</testsuite> <!-- runner.TestRunner -->
